2019-06-15 05:14:30.588 o.a.s.s.o.a.c.f.i.CuratorFrameworkImpl main [INFO] Starting
2019-06-15 05:14:30.674 o.a.s.s.o.a.z.ZooKeeper main [INFO] Client environment:zookeeper.version=3.4.6-1569965, built on 02/20/2014 09:09 GMT
2019-06-15 05:14:30.674 o.a.s.s.o.a.z.ZooKeeper main [INFO] Client environment:host.name=d8158c42f4a4
2019-06-15 05:14:30.675 o.a.s.s.o.a.z.ZooKeeper main [INFO] Client environment:java.version=1.8.0_212
2019-06-15 05:14:30.675 o.a.s.s.o.a.z.ZooKeeper main [INFO] Client environment:java.vendor=IcedTea
2019-06-15 05:14:30.675 o.a.s.s.o.a.z.ZooKeeper main [INFO] Client environment:java.home=/usr/lib/jvm/java-1.8-openjdk/jre
2019-06-15 05:14:30.675 o.a.s.s.o.a.z.ZooKeeper main [INFO] Client environment:java.class.path=/apache-storm-1.0.6/lib/log4j-core-2.8.jar:/apache-storm-1.0.6/lib/storm-core-1.0.6.jar:/apache-storm-1.0.6/lib/log4j-slf4j-impl-2.8.jar:/apache-storm-1.0.6/lib/minlog-1.3.0.jar:/apache-storm-1.0.6/lib/disruptor-3.3.2.jar:/apache-storm-1.0.6/lib/clojure-1.7.0.jar:/apache-storm-1.0.6/lib/storm-rename-hack-1.0.6.jar:/apache-storm-1.0.6/lib/servlet-api-2.5.jar:/apache-storm-1.0.6/lib/log4j-api-2.8.jar:/apache-storm-1.0.6/lib/kryo-3.0.3.jar:/apache-storm-1.0.6/lib/log4j-over-slf4j-1.6.6.jar:/apache-storm-1.0.6/lib/slf4j-api-1.7.21.jar:/apache-storm-1.0.6/lib/reflectasm-1.10.1.jar:/apache-storm-1.0.6/lib/objenesis-2.1.jar:/apache-storm-1.0.6/lib/asm-5.0.3.jar:/conf
2019-06-15 05:14:30.675 o.a.s.s.o.a.z.ZooKeeper main [INFO] Client environment:java.library.path=/usr/local/lib:/opt/local/lib:/usr/lib
2019-06-15 05:14:30.675 o.a.s.s.o.a.z.ZooKeeper main [INFO] Client environment:java.io.tmpdir=/tmp
2019-06-15 05:14:30.675 o.a.s.s.o.a.z.ZooKeeper main [INFO] Client environment:java.compiler=<NA>
2019-06-15 05:14:30.675 o.a.s.s.o.a.z.ZooKeeper main [INFO] Client environment:os.name=Linux
2019-06-15 05:14:30.696 o.a.s.s.o.a.z.ZooKeeper main [INFO] Client environment:os.arch=amd64
2019-06-15 05:14:30.696 o.a.s.s.o.a.z.ZooKeeper main [INFO] Client environment:os.version=4.15.0-1039-aws
2019-06-15 05:14:30.698 o.a.s.s.o.a.z.ZooKeeper main [INFO] Client environment:user.name=storm
2019-06-15 05:14:30.699 o.a.s.s.o.a.z.ZooKeeper main [INFO] Client environment:user.home=/home/storm
2019-06-15 05:14:30.699 o.a.s.s.o.a.z.ZooKeeper main [INFO] Client environment:user.dir=/apache-storm-1.0.6
2019-06-15 05:14:30.706 o.a.s.s.o.a.z.ZooKeeper main [INFO] Initiating client connection, connectString=zookeeper:2181 sessionTimeout=20000 watcher=org.apache.storm.shade.org.apache.curator.ConnectionState@4beeb0e
2019-06-15 05:14:30.923 o.a.s.s.o.a.z.ClientCnxn main-SendThread(zookeeper.storm_default:2181) [INFO] Opening socket connection to server zookeeper.storm_default/172.18.0.3:2181. Will not attempt to authenticate using SASL (unknown error)
2019-06-15 05:14:31.753 o.a.s.s.o.a.z.ClientCnxn main-SendThread(zookeeper.storm_default:2181) [INFO] Socket connection established to zookeeper.storm_default/172.18.0.3:2181, initiating session
2019-06-15 05:14:31.868 o.a.s.s.o.a.z.ClientCnxn main-SendThread(zookeeper.storm_default:2181) [INFO] Session establishment complete on server zookeeper.storm_default/172.18.0.3:2181, sessionid = 0x1000008dead0000, negotiated timeout = 20000
2019-06-15 05:14:31.893 o.a.s.s.o.a.c.f.s.ConnectionStateManager main-EventThread [INFO] State change: CONNECTED
2019-06-15 05:14:32.012 o.a.s.s.o.a.c.f.i.CuratorFrameworkImpl Curator-Framework-0 [INFO] backgroundOperationsLoop exiting
2019-06-15 05:14:32.026 o.a.s.s.o.a.z.ZooKeeper main [INFO] Session: 0x1000008dead0000 closed
2019-06-15 05:14:32.038 o.a.s.s.o.a.z.ClientCnxn main-EventThread [INFO] EventThread shut down
2019-06-15 05:14:32.040 o.a.s.s.o.a.c.f.i.CuratorFrameworkImpl main [INFO] Starting
2019-06-15 05:14:32.046 o.a.s.s.o.a.z.ZooKeeper main [INFO] Initiating client connection, connectString=zookeeper:2181/storm sessionTimeout=20000 watcher=org.apache.storm.shade.org.apache.curator.ConnectionState@5a00eb1e
2019-06-15 05:14:32.064 o.a.s.s.o.a.z.ClientCnxn main-SendThread(zookeeper.storm_default:2181) [INFO] Opening socket connection to server zookeeper.storm_default/172.18.0.3:2181. Will not attempt to authenticate using SASL (unknown error)
2019-06-15 05:14:32.066 o.a.s.s.o.a.z.ClientCnxn main-SendThread(zookeeper.storm_default:2181) [INFO] Socket connection established to zookeeper.storm_default/172.18.0.3:2181, initiating session
2019-06-15 05:14:32.090 o.a.s.s.o.a.z.ClientCnxn main-SendThread(zookeeper.storm_default:2181) [INFO] Session establishment complete on server zookeeper.storm_default/172.18.0.3:2181, sessionid = 0x1000008dead0001, negotiated timeout = 20000
2019-06-15 05:14:32.091 o.a.s.s.o.a.c.f.s.ConnectionStateManager main-EventThread [INFO] State change: CONNECTED
2019-06-15 05:14:32.189 o.a.s.l.Localizer main [INFO] Reconstruct localized resource: /data/supervisor/usercache
2019-06-15 05:14:32.210 o.a.s.l.Localizer main [WARN] No left over resources found for any user during reconstructing of local resources at: /data/supervisor/usercache
2019-06-15 05:14:32.266 o.a.s.d.s.Supervisor main [INFO] Starting supervisor for storm version '1.0.6'.
2019-06-15 05:14:32.267 o.a.s.d.s.Supervisor main [INFO] Starting Supervisor with conf {storm.messaging.netty.min_wait_ms=100, storm.zookeeper.auth.user=null, storm.messaging.netty.buffer_size=5242880, storm.exhibitor.port=8080, pacemaker.auth.method=NONE, ui.filter=null, worker.profiler.enabled=false, ui.http.creds.plugin=org.apache.storm.security.auth.DefaultHttpCredentialsPlugin, topology.bolts.outgoing.overflow.buffer.enable=false, supervisor.supervisors.commands=[], logviewer.cleanup.age.mins=10080, topology.tuple.serializer=org.apache.storm.serialization.types.ListDelegateSerializer, drpc.port=3772, topology.max.spout.pending=null, topology.transfer.buffer.size=1024, logviewer.port=8000, worker.childopts=-Xmx%HEAP-MEM%m -XX:+PrintGCDetails -Xloggc:artifacts/gc.log -XX:+PrintGCDateStamps -XX:+PrintGCTimeStamps -XX:+UseGCLogFileRotation -XX:NumberOfGCLogFiles=10 -XX:GCLogFileSize=1M -XX:+HeapDumpOnOutOfMemoryError -XX:HeapDumpPath=artifacts/heapdump, topology.component.cpu.pcore.percent=10.0, storm.daemon.metrics.reporter.plugins=[org.apache.storm.daemon.metrics.reporters.JmxPreparableReporter], drpc.childopts=-Xmx768m, nimbus.task.launch.secs=120, logviewer.childopts=-Xmx128m, storm.zookeeper.servers=[zookeeper], topology.disruptor.batch.timeout.millis=1, storm.messaging.transport=org.apache.storm.messaging.netty.Context, storm.messaging.netty.authentication=false, topology.kryo.factory=org.apache.storm.serialization.DefaultKryoFactory, worker.heap.memory.mb=768, storm.network.topography.plugin=org.apache.storm.networktopography.DefaultRackDNSToSwitchMapping, supervisor.slots.ports=[6700, 6701, 6702, 6703], resource.aware.scheduler.eviction.strategy=org.apache.storm.scheduler.resource.strategies.eviction.DefaultEvictionStrategy, topology.stats.sample.rate=0.05, storm.local.dir=/data, pacemaker.host=localhost, storm.messaging.netty.max_retries=300, topology.testing.always.try.serialize=false, storm.principal.tolocal=org.apache.storm.security.auth.DefaultPrincipalToLocal, java.library.path=/usr/local/lib:/opt/local/lib:/usr/lib, worker.gc.childopts=, storm.group.mapping.service.cache.duration.secs=120, zmq.linger.millis=5000, topology.multilang.serializer=org.apache.storm.multilang.JsonSerializer, drpc.request.timeout.secs=600, zmq.threads=1, nimbus.blobstore.class=org.apache.storm.blobstore.LocalFsBlobStore, topology.state.synchronization.timeout.secs=60, topology.worker.shared.thread.pool.size=4, topology.executor.receive.buffer.size=1024, supervisor.monitor.frequency.secs=3, storm.nimbus.retry.times=5, transactional.zookeeper.port=null, storm.auth.simple-white-list.users=[], topology.scheduler.strategy=org.apache.storm.scheduler.resource.strategies.scheduling.DefaultResourceAwareStrategy, storm.zookeeper.port=2181, storm.zookeeper.retry.intervalceiling.millis=30000, storm.cluster.state.store=org.apache.storm.cluster_state.zookeeper_state_factory, nimbus.thrift.port=6627, nimbus.thrift.threads=64, supervisor.supervisors=[], nimbus.seeds=[nimbus], storm.auth.simple-acl.admins=[], topology.min.r